2025-06-06T16:59:50.809Z | ERROR   | ❌ [
  {
    "code": "invalid_type",
    "expected": "object",
    "received": "undefined",
    "path": [
      "body"
    ],
    "message": "Required"
  }
]
2025-06-06T17:18:41.445Z | ERROR   | ❌ Your are unauthorized
2025-06-06T17:37:01.276Z | ERROR   | ❌ Cannot read properties of undefined (reading 'email')
2025-06-06T17:46:25.962Z | ERROR   | ❌ 
Invalid `prisma.user.findUniqueOrThrow()` invocation in
/home/rashed/Desktop/PERSONAL-PROJECTS/QRCodeBackend/src/app/modules/Auth/auth.service.ts:11:38

   8 import AppError from "@middleware/AppError";
   9 
  10 const loginUser = async (payload: { email: string; password: string }) => {
→ 11   const userData = await prisma.user.findUniqueOrThrow(
An operation failed because it depends on one or more records that were required but not found. No record was found for a query.
2025-06-06T17:50:40.947Z | ERROR   | ❌ 
Invalid `prisma.user.findUniqueOrThrow()` invocation in
/home/rashed/Desktop/PERSONAL-PROJECTS/QRCodeBackend/src/app/modules/Auth/auth.service.ts:11:38

   8 import AppError from "@middleware/AppError";
   9 
  10 const loginUser = async (payload: { email: string; password: string }) => {
→ 11   const userData = await prisma.user.findUniqueOrThrow(
An operation failed because it depends on one or more records that were required but not found. No record was found for a query.
2025-06-06T17:53:31.226Z | ERROR   | ❌ 
Invalid `prisma.user.findUniqueOrThrow()` invocation in
/home/rashed/Desktop/PERSONAL-PROJECTS/QRCodeBackend/src/app/modules/Auth/auth.service.ts:11:38

   8 import AppError from "@middleware/AppError";
   9 
  10 const loginUser = async (payload: { email: string; password: string }) => {
→ 11   const userData = await prisma.user.findUniqueOrThrow(
An operation failed because it depends on one or more records that were required but not found. No record was found for a query.
